<?xml version="1.0" encoding="UTF-8"?>
<!-- Generated by org.testng.reporters.JUnitReportReporter -->
<testsuite hostname="User" failures="0" tests="1" name="selenimumprojectone.TC01" time="13.339" errors="0" timestamp="28 Feb 2020 11:56:20 GMT">
  <testcase classname="selenimumprojectone.TC01" name="testone" time="13.339"/>
</testsuite> <!-- selenimumprojectone.TC01 -->
